{
  "summary": {
    "outcome": "Failed",
    "testsRan": 4,
    "passing": 2,
    "failing": 2,
    "skipped": 0,
    "passRate": "50%",
    "failRate": "50%",
    "skipRate": "0%",
    "testStartTime": "Wed Jan 12 2022 上午11:37:23",
    "testExecutionTimeInMs": 170,
    "testTotalTimeInMs": 170,
    "commandTimeInMs": 350,
    "hostname": "https://inspiration-nosoftware-52-dev-ed.cs22.my.salesforce.com",
    "orgId": "00D17000000b9liEAA",
    "username": "test-azjwlllquodc@example.com",
    "testRunId": "7071700002sE8Na",
    "userId": "0051700000BUmKmAAL"
  },
  "tests": [
    {
      "id": "07M1700000NbuYUEAZ",
      "queueItemId": "70917000002txdbAAA",
      "stackTrace": null,
      "message": null,
      "asyncApexJobId": "7071700002sE8NaAAK",
      "methodName": "TN_saveFutureCustomProduct",
      "outcome": "Pass",
      "apexLogId": "07L1700000V6jG6EAJ",
      "apexClass": {
        "id": "01p1700000Ppu1VAAR",
        "name": "FutureProductControllerTest",
        "namespacePrefix": null,
        "fullName": "FutureProductControllerTest"
      },
      "runTime": 27,
      "testTimestamp": "2022-01-12T19:37:23.000+0000",
      "fullName": "FutureProductControllerTest.TN_saveFutureCustomProduct"
    },
    {
      "id": "07M1700000NbuYVEAZ",
      "queueItemId": "70917000002txdbAAA",
      "stackTrace": "Class.FutureProductControllerTest.TN_saveFutureProduct: line 61, column 1",
      "message": "System.AssertException: Assertion Failed: An Exception was not thrown",
      "asyncApexJobId": "7071700002sE8NaAAK",
      "methodName": "TN_saveFutureProduct",
      "outcome": "Fail",
      "apexLogId": "07L1700000V6jG6EAJ",
      "apexClass": {
        "id": "01p1700000Ppu1VAAR",
        "name": "FutureProductControllerTest",
        "namespacePrefix": null,
        "fullName": "FutureProductControllerTest"
      },
      "runTime": 42,
      "testTimestamp": "2022-01-12T19:37:24.000+0000",
      "fullName": "FutureProductControllerTest.TN_saveFutureProduct",
      "diagnostic": {
        "exceptionMessage": "System.AssertException: Assertion Failed: An Exception was not thrown",
        "exceptionStackTrace": "Class.FutureProductControllerTest.TN_saveFutureProduct: line 61, column 1",
        "className": "FutureProductControllerTest",
        "compileProblem": "",
        "lineNumber": 61,
        "columnNumber": 1
      }
    },
    {
      "id": "07M1700000NbuYWEAZ",
      "queueItemId": "70917000002txdbAAA",
      "stackTrace": null,
      "message": null,
      "asyncApexJobId": "7071700002sE8NaAAK",
      "methodName": "TP_getFutureProducts",
      "outcome": "Pass",
      "apexLogId": "07L1700000V6jG6EAJ",
      "apexClass": {
        "id": "01p1700000Ppu1VAAR",
        "name": "FutureProductControllerTest",
        "namespacePrefix": null,
        "fullName": "FutureProductControllerTest"
      },
      "runTime": 78,
      "testTimestamp": "2022-01-12T19:37:24.000+0000",
      "fullName": "FutureProductControllerTest.TP_getFutureProducts"
    },
    {
      "id": "07M1700000NbuYXEAZ",
      "queueItemId": "70917000002txdbAAA",
      "stackTrace": "Class.FutureProductController.saveFutureCustomProduct: line 30, column 1\nClass.FutureProductControllerTest.TP_saveFutureCustomProduct: line 27, column 1",
      "message": "System.AuraHandledException: Script-thrown exception",
      "asyncApexJobId": "7071700002sE8NaAAK",
      "methodName": "TP_saveFutureCustomProduct",
      "outcome": "Fail",
      "apexLogId": "07L1700000V6jG6EAJ",
      "apexClass": {
        "id": "01p1700000Ppu1VAAR",
        "name": "FutureProductControllerTest",
        "namespacePrefix": null,
        "fullName": "FutureProductControllerTest"
      },
      "runTime": 23,
      "testTimestamp": "2022-01-12T19:37:24.000+0000",
      "fullName": "FutureProductControllerTest.TP_saveFutureCustomProduct",
      "diagnostic": {
        "exceptionMessage": "System.AuraHandledException: Script-thrown exception",
        "exceptionStackTrace": "Class.FutureProductController.saveFutureCustomProduct: line 30, column 1\nClass.FutureProductControllerTest.TP_saveFutureCustomProduct: line 27, column 1",
        "className": "FutureProductController",
        "compileProblem": "",
        "lineNumber": 30,
        "columnNumber": 1
      }
    }
  ]
}